{"C:\\Users\\Dev\\Desktop\\Releevant\\miPrimerProyecto\\primerProyecto\\backend\\Services\\mysql.js": {"path":"C:\\Users\\Dev\\Desktop\\Releevant\\miPrimerProyecto\\primerProyecto\\backend\\Services\\mysql.js","statementMap":{"0":{"start":{"line":2,"column":14},"end":{"line":2,"column":31}},"1":{"start":{"line":4,"column":9},"end":{"line":4,"column":11}},"2":{"start":{"line":6,"column":0},"end":{"line":26,"column":3}},"3":{"start":{"line":7,"column":4},"end":{"line":25,"column":6}},"4":{"start":{"line":8,"column":6},"end":{"line":24,"column":7}},"5":{"start":{"line":9,"column":32},"end":{"line":15,"column":10}},"6":{"start":{"line":16,"column":8},"end":{"line":21,"column":10}},"7":{"start":{"line":17,"column":10},"end":{"line":19,"column":11}},"8":{"start":{"line":18,"column":12},"end":{"line":18,"column":42}},"9":{"start":{"line":20,"column":10},"end":{"line":20,"column":34}},"10":{"start":{"line":23,"column":8},"end":{"line":23,"column":40}},"11":{"start":{"line":29,"column":0},"end":{"line":58,"column":1}},"12":{"start":{"line":30,"column":2},"end":{"line":57,"column":4}},"13":{"start":{"line":31,"column":4},"end":{"line":56,"column":5}},"14":{"start":{"line":32,"column":6},"end":{"line":53,"column":8}},"15":{"start":{"line":33,"column":8},"end":{"line":52,"column":9}},"16":{"start":{"line":34,"column":10},"end":{"line":48,"column":11}},"17":{"start":{"line":36,"column":14},"end":{"line":36,"column":57}},"18":{"start":{"line":37,"column":14},"end":{"line":37,"column":19}},"19":{"start":{"line":39,"column":14},"end":{"line":39,"column":48}},"20":{"start":{"line":40,"column":14},"end":{"line":40,"column":19}},"21":{"start":{"line":44,"column":14},"end":{"line":44,"column":27}},"22":{"start":{"line":45,"column":14},"end":{"line":45,"column":19}},"23":{"start":{"line":47,"column":14},"end":{"line":47,"column":53}},"24":{"start":{"line":50,"column":30},"end":{"line":50,"column":98}},"25":{"start":{"line":51,"column":10},"end":{"line":51,"column":40}},"26":{"start":{"line":55,"column":6},"end":{"line":55,"column":38}},"27":{"start":{"line":61,"column":2},"end":{"line":61,"column":22}},"28":{"start":{"line":68,"column":38},"end":{"line":68,"column":35752}},"29":{"start":{"line":68,"column":42},"end":{"line":68,"column":35741}},"30":{"start":{"line":68,"column":35777},"end":{"line":68,"column":35817}},"31":{"start":{"line":68,"column":35781},"end":{"line":68,"column":35806}},"32":{"start":{"line":68,"column":35818},"end":{"line":68,"column":35826}},"33":{"start":{"line":68,"column":35851},"end":{"line":68,"column":35893}},"34":{"start":{"line":68,"column":35855},"end":{"line":68,"column":35882}},"35":{"start":{"line":68,"column":35894},"end":{"line":68,"column":35902}},"36":{"start":{"line":68,"column":35921},"end":{"line":68,"column":35958}},"37":{"start":{"line":68,"column":35925},"end":{"line":68,"column":35947}},"38":{"start":{"line":68,"column":35977},"end":{"line":68,"column":36017}},"39":{"start":{"line":68,"column":35981},"end":{"line":68,"column":36006}}},"fnMap":{"0":{"name":"(anonymous_0)","decl":{"start":{"line":6,"column":22},"end":{"line":6,"column":23}},"loc":{"start":{"line":6,"column":34},"end":{"line":26,"column":3}},"line":6},"1":{"name":"(anonymous_1)","decl":{"start":{"line":7,"column":23},"end":{"line":7,"column":24}},"loc":{"start":{"line":7,"column":44},"end":{"line":25,"column":5}},"line":7},"2":{"name":"(anonymous_2)","decl":{"start":{"line":16,"column":32},"end":{"line":16,"column":33}},"loc":{"start":{"line":16,"column":53},"end":{"line":21,"column":9}},"line":16},"3":{"name":"(anonymous_3)","decl":{"start":{"line":29,"column":11},"end":{"line":29,"column":12}},"loc":{"start":{"line":29,"column":51},"end":{"line":58,"column":1}},"line":29},"4":{"name":"(anonymous_4)","decl":{"start":{"line":30,"column":21},"end":{"line":30,"column":22}},"loc":{"start":{"line":30,"column":42},"end":{"line":57,"column":3}},"line":30},"5":{"name":"(anonymous_5)","decl":{"start":{"line":32,"column":35},"end":{"line":32,"column":36}},"loc":{"start":{"line":32,"column":58},"end":{"line":53,"column":7}},"line":32},"6":{"name":"oo_cm","decl":{"start":{"line":68,"column":30},"end":{"line":68,"column":35}},"loc":{"start":{"line":68,"column":37},"end":{"line":68,"column":35753}},"line":68},"7":{"name":"oo_oo","decl":{"start":{"line":68,"column":35763},"end":{"line":68,"column":35768}},"loc":{"start":{"line":68,"column":35776},"end":{"line":68,"column":35827}},"line":68},"8":{"name":"oo_tr","decl":{"start":{"line":68,"column":35837},"end":{"line":68,"column":35842}},"loc":{"start":{"line":68,"column":35850},"end":{"line":68,"column":35903}},"line":68},"9":{"name":"oo_ts","decl":{"start":{"line":68,"column":35913},"end":{"line":68,"column":35918}},"loc":{"start":{"line":68,"column":35920},"end":{"line":68,"column":35959}},"line":68},"10":{"name":"oo_te","decl":{"start":{"line":68,"column":35969},"end":{"line":68,"column":35974}},"loc":{"start":{"line":68,"column":35976},"end":{"line":68,"column":36018}},"line":68}},"branchMap":{"0":{"loc":{"start":{"line":17,"column":10},"end":{"line":19,"column":11}},"type":"if","locations":[{"start":{"line":17,"column":10},"end":{"line":19,"column":11}},{"start":{},"end":{}}],"line":17},"1":{"loc":{"start":{"line":33,"column":8},"end":{"line":52,"column":9}},"type":"if","locations":[{"start":{"line":33,"column":8},"end":{"line":52,"column":9}},{"start":{"line":49,"column":15},"end":{"line":52,"column":9}}],"line":33},"2":{"loc":{"start":{"line":34,"column":10},"end":{"line":48,"column":11}},"type":"switch","locations":[{"start":{"line":35,"column":12},"end":{"line":37,"column":19}},{"start":{"line":38,"column":12},"end":{"line":40,"column":19}},{"start":{"line":41,"column":12},"end":{"line":41,"column":26}},{"start":{"line":42,"column":12},"end":{"line":42,"column":27}},{"start":{"line":43,"column":12},"end":{"line":45,"column":19}},{"start":{"line":46,"column":12},"end":{"line":47,"column":53}}],"line":34},"3":{"loc":{"start":{"line":68,"column":49},"end":{"line":68,"column":35740}},"type":"binary-expr","locations":[{"start":{"line":68,"column":49},"end":{"line":68,"column":86}},{"start":{"line":68,"column":90},"end":{"line":68,"column":35740}}],"line":68}},"s":{"0":1,"1":1,"2":1,"3":4,"4":4,"5":4,"6":4,"7":4,"8":0,"9":4,"10":0,"11":1,"12":4,"13":4,"14":4,"15":4,"16":2,"17":1,"18":1,"19":1,"20":1,"21":0,"22":0,"23":0,"24":2,"25":2,"26":0,"27":1,"28":2,"29":2,"30":2,"31":2,"32":2,"33":0,"34":0,"35":0,"36":0,"37":0,"38":0,"39":0},"f":{"0":4,"1":4,"2":4,"3":4,"4":4,"5":4,"6":2,"7":2,"8":0,"9":0,"10":0},"b":{"0":[0,4],"1":[2,2],"2":[1,1,0,0,0,0],"3":[2,1]},"_coverageSchema":"1a1c01bbd47fc00a2c39e90264f33305004495a9","hash":"90285bb59cf8b45c261fe1d2e0c113b1b727322d"}
,"C:\\Users\\Dev\\Desktop\\Releevant\\miPrimerProyecto\\primerProyecto\\backend\\mysqlQueries\\userQueries.js": {"path":"C:\\Users\\Dev\\Desktop\\Releevant\\miPrimerProyecto\\primerProyecto\\backend\\mysqlQueries\\userQueries.js","statementMap":{"0":{"start":{"line":1,"column":11},"end":{"line":1,"column":39}},"1":{"start":{"line":2,"column":12},"end":{"line":2,"column":26}},"2":{"start":{"line":3,"column":15},"end":{"line":3,"column":32}},"3":{"start":{"line":4,"column":13},"end":{"line":4,"column":38}},"4":{"start":{"line":6,"column":20},"end":{"line":6,"column":22}},"5":{"start":{"line":8,"column":0},"end":{"line":19,"column":1}},"6":{"start":{"line":10,"column":15},"end":{"line":10,"column":19}},"7":{"start":{"line":11,"column":4},"end":{"line":18,"column":5}},"8":{"start":{"line":12,"column":8},"end":{"line":12,"column":42}},"9":{"start":{"line":13,"column":8},"end":{"line":13,"column":94}},"10":{"start":{"line":15,"column":8},"end":{"line":15,"column":26}},"11":{"start":{"line":17,"column":8},"end":{"line":17,"column":33}},"12":{"start":{"line":21,"column":0},"end":{"line":46,"column":1}},"13":{"start":{"line":23,"column":15},"end":{"line":23,"column":19}},"14":{"start":{"line":24,"column":4},"end":{"line":45,"column":5}},"15":{"start":{"line":25,"column":8},"end":{"line":25,"column":42}},"16":{"start":{"line":28,"column":22},"end":{"line":39,"column":9}},"17":{"start":{"line":40,"column":8},"end":{"line":40,"column":84}},"18":{"start":{"line":42,"column":7},"end":{"line":42,"column":25}},"19":{"start":{"line":44,"column":8},"end":{"line":44,"column":33}},"20":{"start":{"line":49,"column":0},"end":{"line":60,"column":2}},"21":{"start":{"line":51,"column":15},"end":{"line":51,"column":19}},"22":{"start":{"line":52,"column":4},"end":{"line":59,"column":5}},"23":{"start":{"line":53,"column":8},"end":{"line":53,"column":42}},"24":{"start":{"line":54,"column":8},"end":{"line":54,"column":86}},"25":{"start":{"line":56,"column":8},"end":{"line":56,"column":26}},"26":{"start":{"line":58,"column":8},"end":{"line":58,"column":33}},"27":{"start":{"line":63,"column":0},"end":{"line":74,"column":2}},"28":{"start":{"line":65,"column":15},"end":{"line":65,"column":19}},"29":{"start":{"line":66,"column":4},"end":{"line":73,"column":5}},"30":{"start":{"line":67,"column":8},"end":{"line":67,"column":42}},"31":{"start":{"line":68,"column":8},"end":{"line":68,"column":88}},"32":{"start":{"line":70,"column":8},"end":{"line":70,"column":26}},"33":{"start":{"line":72,"column":8},"end":{"line":72,"column":33}},"34":{"start":{"line":77,"column":0},"end":{"line":102,"column":2}},"35":{"start":{"line":79,"column":15},"end":{"line":79,"column":19}},"36":{"start":{"line":80,"column":4},"end":{"line":101,"column":5}},"37":{"start":{"line":81,"column":8},"end":{"line":81,"column":43}},"38":{"start":{"line":85,"column":22},"end":{"line":92,"column":9}},"39":{"start":{"line":94,"column":8},"end":{"line":94,"column":58}},"40":{"start":{"line":96,"column":8},"end":{"line":96,"column":99}},"41":{"start":{"line":98,"column":7},"end":{"line":98,"column":26}},"42":{"start":{"line":100,"column":8},"end":{"line":100,"column":33}},"43":{"start":{"line":104,"column":0},"end":{"line":104,"column":27}}},"fnMap":{"0":{"name":"(anonymous_0)","decl":{"start":{"line":8,"column":29},"end":{"line":8,"column":30}},"loc":{"start":{"line":8,"column":46},"end":{"line":19,"column":1}},"line":8},"1":{"name":"(anonymous_1)","decl":{"start":{"line":21,"column":22},"end":{"line":21,"column":23}},"loc":{"start":{"line":21,"column":42},"end":{"line":46,"column":1}},"line":21},"2":{"name":"(anonymous_2)","decl":{"start":{"line":49,"column":25},"end":{"line":49,"column":26}},"loc":{"start":{"line":49,"column":39},"end":{"line":60,"column":1}},"line":49},"3":{"name":"(anonymous_3)","decl":{"start":{"line":63,"column":26},"end":{"line":63,"column":27}},"loc":{"start":{"line":63,"column":40},"end":{"line":74,"column":1}},"line":63},"4":{"name":"(anonymous_4)","decl":{"start":{"line":77,"column":25},"end":{"line":77,"column":26}},"loc":{"start":{"line":77,"column":49},"end":{"line":102,"column":1}},"line":77}},"branchMap":{"0":{"loc":{"start":{"line":17,"column":8},"end":{"line":17,"column":32}},"type":"binary-expr","locations":[{"start":{"line":17,"column":8},"end":{"line":17,"column":12}},{"start":{"line":17,"column":16},"end":{"line":17,"column":32}}],"line":17},"1":{"loc":{"start":{"line":44,"column":8},"end":{"line":44,"column":32}},"type":"binary-expr","locations":[{"start":{"line":44,"column":8},"end":{"line":44,"column":12}},{"start":{"line":44,"column":16},"end":{"line":44,"column":32}}],"line":44},"2":{"loc":{"start":{"line":58,"column":8},"end":{"line":58,"column":32}},"type":"binary-expr","locations":[{"start":{"line":58,"column":8},"end":{"line":58,"column":12}},{"start":{"line":58,"column":16},"end":{"line":58,"column":32}}],"line":58},"3":{"loc":{"start":{"line":72,"column":8},"end":{"line":72,"column":32}},"type":"binary-expr","locations":[{"start":{"line":72,"column":8},"end":{"line":72,"column":12}},{"start":{"line":72,"column":16},"end":{"line":72,"column":32}}],"line":72},"4":{"loc":{"start":{"line":89,"column":21},"end":{"line":89,"column":75}},"type":"cond-expr","locations":[{"start":{"line":89,"column":41},"end":{"line":89,"column":63}},{"start":{"line":89,"column":66},"end":{"line":89,"column":75}}],"line":89},"5":{"loc":{"start":{"line":100,"column":8},"end":{"line":100,"column":32}},"type":"binary-expr","locations":[{"start":{"line":100,"column":8},"end":{"line":100,"column":12}},{"start":{"line":100,"column":16},"end":{"line":100,"column":32}}],"line":100}},"s":{"0":1,"1":1,"2":1,"3":1,"4":1,"5":1,"6":2,"7":2,"8":2,"9":2,"10":1,"11":2,"12":1,"13":2,"14":2,"15":2,"16":2,"17":2,"18":1,"19":2,"20":1,"21":0,"22":0,"23":0,"24":0,"25":0,"26":0,"27":1,"28":0,"29":0,"30":0,"31":0,"32":0,"33":0,"34":1,"35":0,"36":0,"37":0,"38":0,"39":0,"40":0,"41":0,"42":0,"43":1},"f":{"0":2,"1":2,"2":0,"3":0,"4":0},"b":{"0":[2,2],"1":[2,2],"2":[0,0],"3":[0,0],"4":[0,0],"5":[0,0]},"_coverageSchema":"1a1c01bbd47fc00a2c39e90264f33305004495a9","hash":"0258aa7ae4ca6fbf4d576f2afea405ad3ceecb2d"}
,"C:\\Users\\Dev\\Desktop\\Releevant\\miPrimerProyecto\\primerProyecto\\backend\\utils\\utils.js": {"path":"C:\\Users\\Dev\\Desktop\\Releevant\\miPrimerProyecto\\primerProyecto\\backend\\utils\\utils.js","statementMap":{"0":{"start":{"line":1,"column":14},"end":{"line":1,"column":16}},"1":{"start":{"line":3,"column":0},"end":{"line":17,"column":2}},"2":{"start":{"line":4,"column":2},"end":{"line":16,"column":3}},"3":{"start":{"line":5,"column":4},"end":{"line":11,"column":7}},"4":{"start":{"line":6,"column":6},"end":{"line":10,"column":7}},"5":{"start":{"line":7,"column":8},"end":{"line":7,"column":24}},"6":{"start":{"line":8,"column":13},"end":{"line":10,"column":7}},"7":{"start":{"line":9,"column":8},"end":{"line":9,"column":24}},"8":{"start":{"line":13,"column":4},"end":{"line":13,"column":15}},"9":{"start":{"line":15,"column":4},"end":{"line":15,"column":35}},"10":{"start":{"line":19,"column":0},"end":{"line":19,"column":23}}},"fnMap":{"0":{"name":"(anonymous_0)","decl":{"start":{"line":3,"column":28},"end":{"line":3,"column":29}},"loc":{"start":{"line":3,"column":43},"end":{"line":17,"column":1}},"line":3},"1":{"name":"(anonymous_1)","decl":{"start":{"line":5,"column":29},"end":{"line":5,"column":30}},"loc":{"start":{"line":5,"column":38},"end":{"line":11,"column":5}},"line":5}},"branchMap":{"0":{"loc":{"start":{"line":6,"column":6},"end":{"line":10,"column":7}},"type":"if","locations":[{"start":{"line":6,"column":6},"end":{"line":10,"column":7}},{"start":{"line":8,"column":13},"end":{"line":10,"column":7}}],"line":6},"1":{"loc":{"start":{"line":6,"column":10},"end":{"line":6,"column":46}},"type":"binary-expr","locations":[{"start":{"line":6,"column":10},"end":{"line":6,"column":27}},{"start":{"line":6,"column":31},"end":{"line":6,"column":46}}],"line":6},"2":{"loc":{"start":{"line":8,"column":13},"end":{"line":10,"column":7}},"type":"if","locations":[{"start":{"line":8,"column":13},"end":{"line":10,"column":7}},{"start":{},"end":{}}],"line":8},"3":{"loc":{"start":{"line":8,"column":17},"end":{"line":8,"column":58}},"type":"binary-expr","locations":[{"start":{"line":8,"column":17},"end":{"line":8,"column":39}},{"start":{"line":8,"column":43},"end":{"line":8,"column":58}}],"line":8}},"s":{"0":1,"1":1,"2":0,"3":0,"4":0,"5":0,"6":0,"7":0,"8":0,"9":0,"10":1},"f":{"0":0,"1":0},"b":{"0":[0,0],"1":[0,0],"2":[0,0],"3":[0,0]},"_coverageSchema":"1a1c01bbd47fc00a2c39e90264f33305004495a9","hash":"7afc91cb010ed0c12ae923f21d4f70d5c8e4af06"}
}
