TN:
SF:Services\mysql.js
FN:6,(anonymous_0)
FN:7,(anonymous_1)
FN:16,(anonymous_2)
FN:29,(anonymous_3)
FN:30,(anonymous_4)
FN:32,(anonymous_5)
FN:68,oo_cm
FN:68,oo_oo
FN:68,oo_tr
FN:68,oo_ts
FN:68,oo_te
FNF:11
FNH:8
FNDA:4,(anonymous_0)
FNDA:4,(anonymous_1)
FNDA:4,(anonymous_2)
FNDA:4,(anonymous_3)
FNDA:4,(anonymous_4)
FNDA:4,(anonymous_5)
FNDA:2,oo_cm
FNDA:2,oo_oo
FNDA:0,oo_tr
FNDA:0,oo_ts
FNDA:0,oo_te
DA:2,1
DA:4,1
DA:6,1
DA:7,4
DA:8,4
DA:9,4
DA:16,4
DA:17,4
DA:18,0
DA:20,4
DA:23,0
DA:29,1
DA:30,4
DA:31,4
DA:32,4
DA:33,4
DA:34,2
DA:36,1
DA:37,1
DA:39,1
DA:40,1
DA:44,0
DA:45,0
DA:47,0
DA:50,2
DA:51,2
DA:55,0
DA:61,1
DA:68,2
LF:29
LH:23
BRDA:17,0,0,0
BRDA:17,0,1,4
BRDA:33,1,0,2
BRDA:33,1,1,2
BRDA:34,2,0,1
BRDA:34,2,1,1
BRDA:34,2,2,0
BRDA:34,2,3,0
BRDA:34,2,4,0
BRDA:34,2,5,0
BRDA:68,3,0,2
BRDA:68,3,1,1
BRF:12
BRH:7
end_of_record
TN:
SF:mysqlQueries\userQueries.js
FN:8,(anonymous_0)
FN:21,(anonymous_1)
FN:49,(anonymous_2)
FN:63,(anonymous_3)
FN:77,(anonymous_4)
FNF:5
FNH:2
FNDA:2,(anonymous_0)
FNDA:2,(anonymous_1)
FNDA:0,(anonymous_2)
FNDA:0,(anonymous_3)
FNDA:0,(anonymous_4)
DA:1,1
DA:2,1
DA:3,1
DA:4,1
DA:6,1
DA:8,1
DA:10,2
DA:11,2
DA:12,2
DA:13,2
DA:15,1
DA:17,2
DA:21,1
DA:23,2
DA:24,2
DA:25,2
DA:28,2
DA:40,2
DA:42,1
DA:44,2
DA:49,1
DA:51,0
DA:52,0
DA:53,0
DA:54,0
DA:56,0
DA:58,0
DA:63,1
DA:65,0
DA:66,0
DA:67,0
DA:68,0
DA:70,0
DA:72,0
DA:77,1
DA:79,0
DA:80,0
DA:81,0
DA:85,0
DA:94,0
DA:96,0
DA:98,0
DA:100,0
DA:104,1
LF:44
LH:24
BRDA:17,0,0,2
BRDA:17,0,1,2
BRDA:44,1,0,2
BRDA:44,1,1,2
BRDA:58,2,0,0
BRDA:58,2,1,0
BRDA:72,3,0,0
BRDA:72,3,1,0
BRDA:89,4,0,0
BRDA:89,4,1,0
BRDA:100,5,0,0
BRDA:100,5,1,0
BRF:12
BRH:4
end_of_record
TN:
SF:utils\utils.js
FN:3,(anonymous_0)
FN:5,(anonymous_1)
FNF:2
FNH:0
FNDA:0,(anonymous_0)
FNDA:0,(anonymous_1)
DA:1,1
DA:3,1
DA:4,0
DA:5,0
DA:6,0
DA:7,0
DA:8,0
DA:9,0
DA:13,0
DA:15,0
DA:19,1
LF:11
LH:3
BRDA:6,0,0,0
BRDA:6,0,1,0
BRDA:6,1,0,0
BRDA:6,1,1,0
BRDA:8,2,0,0
BRDA:8,2,1,0
BRDA:8,3,0,0
BRDA:8,3,1,0
BRF:8
BRH:0
end_of_record
